IF-MIB::ifName.83886080 = STRING: mgmt0
IF-MIB::ifName.151060481 = STRING: Vlan1
IF-MIB::ifName.151060490 = STRING: Vlan10
IF-MIB::ifName.151060497 = STRING: Vlan17
IF-MIB::ifName.151060590 = STRING: Vlan110
IF-MIB::ifName.151061080 = STRING: Vlan600
IF-MIB::ifName.436207616 = STRING: Ethernet1/1
IF-MIB::ifName.436211712 = STRING: Ethernet1/2
IF-MIB::ifName.436215808 = STRING: Ethernet1/3
IF-MIB::ifName.436219904 = STRING: Ethernet1/4
IF-MIB::ifName.436224000 = STRING: Ethernet1/5
IF-MIB::ifName.436228096 = STRING: Ethernet1/6
IF-MIB::ifName.436232192 = STRING: Ethernet1/7
IF-MIB::ifName.436236288 = STRING: Ethernet1/8
IF-MIB::ifName.436240384 = STRING: Ethernet1/9
IF-MIB::ifName.436244480 = STRING: Ethernet1/10
IF-MIB::ifName.436248576 = STRING: Ethernet1/11
IF-MIB::ifName.436252672 = STRING: Ethernet1/12
IF-MIB::ifName.436256768 = STRING: Ethernet1/13
IF-MIB::ifName.436260864 = STRING: Ethernet1/14
IF-MIB::ifName.436264960 = STRING: Ethernet1/15
IF-MIB::ifName.436269056 = STRING: Ethernet1/16
IF-MIB::ifName.436273152 = STRING: Ethernet1/17
IF-MIB::ifName.436277248 = STRING: Ethernet1/18
IF-MIB::ifName.436281344 = STRING: Ethernet1/19
IF-MIB::ifName.436285440 = STRING: Ethernet1/20
IF-MIB::ifName.436289536 = STRING: Ethernet1/21
IF-MIB::ifName.436293632 = STRING: Ethernet1/22
IF-MIB::ifName.436297728 = STRING: Ethernet1/23
IF-MIB::ifName.436301824 = STRING: Ethernet1/24
IF-MIB::ifName.436305920 = STRING: Ethernet1/25
IF-MIB::ifName.436310016 = STRING: Ethernet1/26
IF-MIB::ifName.436314112 = STRING: Ethernet1/27
IF-MIB::ifName.436318208 = STRING: Ethernet1/28
IF-MIB::ifName.436322304 = STRING: Ethernet1/29
IF-MIB::ifName.436326400 = STRING: Ethernet1/30
IF-MIB::ifName.436330496 = STRING: Ethernet1/31
IF-MIB::ifName.436334592 = STRING: Ethernet1/32
IF-MIB::ifName.436338688 = STRING: Ethernet1/33
IF-MIB::ifName.436342784 = STRING: Ethernet1/34
IF-MIB::ifName.436346880 = STRING: Ethernet1/35
IF-MIB::ifName.436350976 = STRING: Ethernet1/36
IF-MIB::ifName.436355072 = STRING: Ethernet1/37
IF-MIB::ifName.436359168 = STRING: Ethernet1/38
IF-MIB::ifName.436363264 = STRING: Ethernet1/39
IF-MIB::ifName.436367360 = STRING: Ethernet1/40
IF-MIB::ifName.436371456 = STRING: Ethernet1/41
IF-MIB::ifName.436375552 = STRING: Ethernet1/42
IF-MIB::ifName.436379648 = STRING: Ethernet1/43
IF-MIB::ifName.436383744 = STRING: Ethernet1/44
IF-MIB::ifName.436387840 = STRING: Ethernet1/45
IF-MIB::ifName.436391936 = STRING: Ethernet1/46
IF-MIB::ifName.436396032 = STRING: Ethernet1/47
IF-MIB::ifName.436400128 = STRING: Ethernet1/48
IF-MIB::ifName.436404224 = STRING: Ethernet1/49
IF-MIB::ifName.436408320 = STRING: Ethernet1/50
IF-MIB::ifName.436412416 = STRING: Ethernet1/51
IF-MIB::ifName.436416512 = STRING: Ethernet1/52
IF-MIB::ifName.436420608 = STRING: Ethernet1/53
IF-MIB::ifName.436424704 = STRING: Ethernet1/54
IF-MIB::ifInMulticastPkts.83886080 = Counter32: 0
IF-MIB::ifInMulticastPkts.151060481 = Counter32: 0
IF-MIB::ifInMulticastPkts.151060490 = Counter32: 0
IF-MIB::ifInMulticastPkts.151060497 = Counter32: 0
IF-MIB::ifInMulticastPkts.151060590 = Counter32: 0
IF-MIB::ifInMulticastPkts.151061080 = Counter32: 0
IF-MIB::ifInMulticastPkts.436207616 = Counter32: 9801
IF-MIB::ifInMulticastPkts.436211712 = Counter32: 0
IF-MIB::ifInMulticastPkts.436215808 = Counter32: 7909
IF-MIB::ifInMulticastPkts.436219904 = Counter32: 58291
IF-MIB::ifInMulticastPkts.436224000 = Counter32: 56
IF-MIB::ifInMulticastPkts.436228096 = Counter32: 51592
IF-MIB::ifInMulticastPkts.436232192 = Counter32: 6768
IF-MIB::ifInMulticastPkts.436236288 = Counter32: 28397
IF-MIB::ifInMulticastPkts.436240384 = Counter32: 315673
IF-MIB::ifInMulticastPkts.436244480 = Counter32: 28099
IF-MIB::ifInMulticastPkts.436248576 = Counter32: 2320
IF-MIB::ifInMulticastPkts.436252672 = Counter32: 0
IF-MIB::ifInMulticastPkts.436256768 = Counter32: 1100107
IF-MIB::ifInMulticastPkts.436260864 = Counter32: 0
IF-MIB::ifInMulticastPkts.436264960 = Counter32: 1142605
IF-MIB::ifInMulticastPkts.436269056 = Counter32: 106045
IF-MIB::ifInMulticastPkts.436273152 = Counter32: 1
IF-MIB::ifInMulticastPkts.436277248 = Counter32: 2
IF-MIB::ifInMulticastPkts.436281344 = Counter32: 4033
IF-MIB::ifInMulticastPkts.436285440 = Counter32: 0
IF-MIB::ifInMulticastPkts.436289536 = Counter32: 0
IF-MIB::ifInMulticastPkts.436293632 = Counter32: 266116
IF-MIB::ifInMulticastPkts.436297728 = Counter32: 0
IF-MIB::ifInMulticastPkts.436301824 = Counter32: 0
IF-MIB::ifInMulticastPkts.436305920 = Counter32: 0
IF-MIB::ifInMulticastPkts.436310016 = Counter32: 0
IF-MIB::ifInMulticastPkts.436314112 = Counter32: 0
IF-MIB::ifInMulticastPkts.436318208 = Counter32: 0
IF-MIB::ifInMulticastPkts.436322304 = Counter32: 0
IF-MIB::ifInMulticastPkts.436326400 = Counter32: 0
IF-MIB::ifInMulticastPkts.436330496 = Counter32: 0
IF-MIB::ifInMulticastPkts.436334592 = Counter32: 0
IF-MIB::ifInMulticastPkts.436338688 = Counter32: 34903
IF-MIB::ifInMulticastPkts.436342784 = Counter32: 30128
IF-MIB::ifInMulticastPkts.436346880 = Counter32: 339714
IF-MIB::ifInMulticastPkts.436350976 = Counter32: 26861
IF-MIB::ifInMulticastPkts.436355072 = Counter32: 0
IF-MIB::ifInMulticastPkts.436359168 = Counter32: 35358
IF-MIB::ifInMulticastPkts.436363264 = Counter32: 0
IF-MIB::ifInMulticastPkts.436367360 = Counter32: 0
IF-MIB::ifInMulticastPkts.436371456 = Counter32: 0
IF-MIB::ifInMulticastPkts.436375552 = Counter32: 0
IF-MIB::ifInMulticastPkts.436379648 = Counter32: 0
IF-MIB::ifInMulticastPkts.436383744 = Counter32: 0
IF-MIB::ifInMulticastPkts.436387840 = Counter32: 0
IF-MIB::ifInMulticastPkts.436391936 = Counter32: 0
IF-MIB::ifInMulticastPkts.436396032 = Counter32: 0
IF-MIB::ifInMulticastPkts.436400128 = Counter32: 6556012
IF-MIB::ifInMulticastPkts.436404224 = Counter32: 0
IF-MIB::ifInMulticastPkts.436408320 = Counter32: 0
IF-MIB::ifInMulticastPkts.436412416 = Counter32: 0
IF-MIB::ifInMulticastPkts.436416512 = Counter32: 0
IF-MIB::ifInMulticastPkts.436420608 = Counter32: 0
IF-MIB::ifInMulticastPkts.436424704 = Counter32: 0
IF-MIB::ifInBroadcastPkts.83886080 = Counter32: 0
IF-MIB::ifInBroadcastPkts.151060481 = Counter32: 0
IF-MIB::ifInBroadcastPkts.151060490 = Counter32: 0
IF-MIB::ifInBroadcastPkts.151060497 = Counter32: 0
IF-MIB::ifInBroadcastPkts.151060590 = Counter32: 0
IF-MIB::ifInBroadcastPkts.151061080 = Counter32: 0
IF-MIB::ifInBroadcastPkts.436207616 = Counter32: 3829
IF-MIB::ifInBroadcastPkts.436211712 = Counter32: 0
IF-MIB::ifInBroadcastPkts.436215808 = Counter32: 18
IF-MIB::ifInBroadcastPkts.436219904 = Counter32: 93
IF-MIB::ifInBroadcastPkts.436224000 = Counter32: 33
IF-MIB::ifInBroadcastPkts.436228096 = Counter32: 11299464
IF-MIB::ifInBroadcastPkts.436232192 = Counter32: 3
IF-MIB::ifInBroadcastPkts.436236288 = Counter32: 2465837
IF-MIB::ifInBroadcastPkts.436240384 = Counter32: 29063
IF-MIB::ifInBroadcastPkts.436244480 = Counter32: 375843
IF-MIB::ifInBroadcastPkts.436248576 = Counter32: 328
IF-MIB::ifInBroadcastPkts.436252672 = Counter32: 0
IF-MIB::ifInBroadcastPkts.436256768 = Counter32: 905724
IF-MIB::ifInBroadcastPkts.436260864 = Counter32: 0
IF-MIB::ifInBroadcastPkts.436264960 = Counter32: 905714
IF-MIB::ifInBroadcastPkts.436269056 = Counter32: 242
IF-MIB::ifInBroadcastPkts.436273152 = Counter32: 1
IF-MIB::ifInBroadcastPkts.436277248 = Counter32: 1
IF-MIB::ifInBroadcastPkts.436281344 = Counter32: 1854646
IF-MIB::ifInBroadcastPkts.436285440 = Counter32: 4
IF-MIB::ifInBroadcastPkts.436289536 = Counter32: 2
IF-MIB::ifInBroadcastPkts.436293632 = Counter32: 6
IF-MIB::ifInBroadcastPkts.436297728 = Counter32: 0
IF-MIB::ifInBroadcastPkts.436301824 = Counter32: 0
IF-MIB::ifInBroadcastPkts.436305920 = Counter32: 0
IF-MIB::ifInBroadcastPkts.436310016 = Counter32: 0
IF-MIB::ifInBroadcastPkts.436314112 = Counter32: 0
IF-MIB::ifInBroadcastPkts.436318208 = Counter32: 0
IF-MIB::ifInBroadcastPkts.436322304 = Counter32: 0
IF-MIB::ifInBroadcastPkts.436326400 = Counter32: 0
IF-MIB::ifInBroadcastPkts.436330496 = Counter32: 0
IF-MIB::ifInBroadcastPkts.436334592 = Counter32: 0
IF-MIB::ifInBroadcastPkts.436338688 = Counter32: 22005
IF-MIB::ifInBroadcastPkts.436342784 = Counter32: 50606
IF-MIB::ifInBroadcastPkts.436346880 = Counter32: 20188
IF-MIB::ifInBroadcastPkts.436350976 = Counter32: 20206
IF-MIB::ifInBroadcastPkts.436355072 = Counter32: 0
IF-MIB::ifInBroadcastPkts.436359168 = Counter32: 9633
IF-MIB::ifInBroadcastPkts.436363264 = Counter32: 0
IF-MIB::ifInBroadcastPkts.436367360 = Counter32: 0
IF-MIB::ifInBroadcastPkts.436371456 = Counter32: 0
IF-MIB::ifInBroadcastPkts.436375552 = Counter32: 0
IF-MIB::ifInBroadcastPkts.436379648 = Counter32: 0
IF-MIB::ifInBroadcastPkts.436383744 = Counter32: 0
IF-MIB::ifInBroadcastPkts.436387840 = Counter32: 0
IF-MIB::ifInBroadcastPkts.436391936 = Counter32: 0
IF-MIB::ifInBroadcastPkts.436396032 = Counter32: 0
IF-MIB::ifInBroadcastPkts.436400128 = Counter32: 276136
IF-MIB::ifInBroadcastPkts.436404224 = Counter32: 0
IF-MIB::ifInBroadcastPkts.436408320 = Counter32: 0
IF-MIB::ifInBroadcastPkts.436412416 = Counter32: 0
IF-MIB::ifInBroadcastPkts.436416512 = Counter32: 0
IF-MIB::ifInBroadcastPkts.436420608 = Counter32: 0
IF-MIB::ifInBroadcastPkts.436424704 = Counter32: 0
IF-MIB::ifOutMulticastPkts.83886080 = Counter32: 0
IF-MIB::ifOutMulticastPkts.151060481 = Counter32: 0
IF-MIB::ifOutMulticastPkts.151060490 = Counter32: 0
IF-MIB::ifOutMulticastPkts.151060497 = Counter32: 0
IF-MIB::ifOutMulticastPkts.151060590 = Counter32: 0
IF-MIB::ifOutMulticastPkts.151061080 = Counter32: 0
IF-MIB::ifOutMulticastPkts.436207616 = Counter32: 4650622
IF-MIB::ifOutMulticastPkts.436211712 = Counter32: 0
IF-MIB::ifOutMulticastPkts.436215808 = Counter32: 850823
IF-MIB::ifOutMulticastPkts.436219904 = Counter32: 4534188
IF-MIB::ifOutMulticastPkts.436224000 = Counter32: 8758017
IF-MIB::ifOutMulticastPkts.436228096 = Counter32: 14542876
IF-MIB::ifOutMulticastPkts.436232192 = Counter32: 8751930
IF-MIB::ifOutMulticastPkts.436236288 = Counter32: 8746924
IF-MIB::ifOutMulticastPkts.436240384 = Counter32: 8524202
IF-MIB::ifOutMulticastPkts.436244480 = Counter32: 8747040
IF-MIB::ifOutMulticastPkts.436248576 = Counter32: 8754634
IF-MIB::ifOutMulticastPkts.436252672 = Counter32: 0
IF-MIB::ifOutMulticastPkts.436256768 = Counter32: 7852798
IF-MIB::ifOutMulticastPkts.436260864 = Counter32: 0
IF-MIB::ifOutMulticastPkts.436264960 = Counter32: 7810071
IF-MIB::ifOutMulticastPkts.436269056 = Counter32: 8653349
IF-MIB::ifOutMulticastPkts.436273152 = Counter32: 8758656
IF-MIB::ifOutMulticastPkts.436277248 = Counter32: 8758656
IF-MIB::ifOutMulticastPkts.436281344 = Counter32: 8358032
IF-MIB::ifOutMulticastPkts.436285440 = Counter32: 8758651
IF-MIB::ifOutMulticastPkts.436289536 = Counter32: 1203
IF-MIB::ifOutMulticastPkts.436293632 = Counter32: 2033217
IF-MIB::ifOutMulticastPkts.436297728 = Counter32: 0
IF-MIB::ifOutMulticastPkts.436301824 = Counter32: 0
IF-MIB::ifOutMulticastPkts.436305920 = Counter32: 0
IF-MIB::ifOutMulticastPkts.436310016 = Counter32: 0
IF-MIB::ifOutMulticastPkts.436314112 = Counter32: 0
IF-MIB::ifOutMulticastPkts.436318208 = Counter32: 0
IF-MIB::ifOutMulticastPkts.436322304 = Counter32: 0
IF-MIB::ifOutMulticastPkts.436326400 = Counter32: 0
IF-MIB::ifOutMulticastPkts.436330496 = Counter32: 0
IF-MIB::ifOutMulticastPkts.436334592 = Counter32: 0
IF-MIB::ifOutMulticastPkts.436338688 = Counter32: 6728235
IF-MIB::ifOutMulticastPkts.436342784 = Counter32: 6748817
IF-MIB::ifOutMulticastPkts.436346880 = Counter32: 6503833
IF-MIB::ifOutMulticastPkts.436350976 = Counter32: 6751690
IF-MIB::ifOutMulticastPkts.436355072 = Counter32: 0
IF-MIB::ifOutMulticastPkts.436359168 = Counter32: 6421500
IF-MIB::ifOutMulticastPkts.436363264 = Counter32: 0
IF-MIB::ifOutMulticastPkts.436367360 = Counter32: 0
IF-MIB::ifOutMulticastPkts.436371456 = Counter32: 0
IF-MIB::ifOutMulticastPkts.436375552 = Counter32: 0
IF-MIB::ifOutMulticastPkts.436379648 = Counter32: 0
IF-MIB::ifOutMulticastPkts.436383744 = Counter32: 0
IF-MIB::ifOutMulticastPkts.436387840 = Counter32: 0
IF-MIB::ifOutMulticastPkts.436391936 = Counter32: 0
IF-MIB::ifOutMulticastPkts.436396032 = Counter32: 0
IF-MIB::ifOutMulticastPkts.436400128 = Counter32: 926917
IF-MIB::ifOutMulticastPkts.436404224 = Counter32: 0
IF-MIB::ifOutMulticastPkts.436408320 = Counter32: 0
IF-MIB::ifOutMulticastPkts.436412416 = Counter32: 0
IF-MIB::ifOutMulticastPkts.436416512 = Counter32: 0
IF-MIB::ifOutMulticastPkts.436420608 = Counter32: 0
IF-MIB::ifOutMulticastPkts.436424704 = Counter32: 0
IF-MIB::ifOutBroadcastPkts.83886080 = Counter32: 0
IF-MIB::ifOutBroadcastPkts.151060481 = Counter32: 0
IF-MIB::ifOutBroadcastPkts.151060490 = Counter32: 0
IF-MIB::ifOutBroadcastPkts.151060497 = Counter32: 0
IF-MIB::ifOutBroadcastPkts.151060590 = Counter32: 0
IF-MIB::ifOutBroadcastPkts.151061080 = Counter32: 0
IF-MIB::ifOutBroadcastPkts.436207616 = Counter32: 10382580
IF-MIB::ifOutBroadcastPkts.436211712 = Counter32: 0
IF-MIB::ifOutBroadcastPkts.436215808 = Counter32: 1448433
IF-MIB::ifOutBroadcastPkts.436219904 = Counter32: 11019632
IF-MIB::ifOutBroadcastPkts.436224000 = Counter32: 17834292
IF-MIB::ifOutBroadcastPkts.436228096 = Counter32: 6536435
IF-MIB::ifOutBroadcastPkts.436232192 = Counter32: 17836089
IF-MIB::ifOutBroadcastPkts.436236288 = Counter32: 15370081
IF-MIB::ifOutBroadcastPkts.436240384 = Counter32: 17776100
IF-MIB::ifOutBroadcastPkts.436244480 = Counter32: 17458630
IF-MIB::ifOutBroadcastPkts.436248576 = Counter32: 17832327
IF-MIB::ifOutBroadcastPkts.436252672 = Counter32: 0
IF-MIB::ifOutBroadcastPkts.436256768 = Counter32: 16930194
IF-MIB::ifOutBroadcastPkts.436260864 = Counter32: 0
IF-MIB::ifOutBroadcastPkts.436264960 = Counter32: 16930037
IF-MIB::ifOutBroadcastPkts.436269056 = Counter32: 17828201
IF-MIB::ifOutBroadcastPkts.436273152 = Counter32: 17836091
IF-MIB::ifOutBroadcastPkts.436277248 = Counter32: 17836091
IF-MIB::ifOutBroadcastPkts.436281344 = Counter32: 15053483
IF-MIB::ifOutBroadcastPkts.436285440 = Counter32: 17836087
IF-MIB::ifOutBroadcastPkts.436289536 = Counter32: 2535
IF-MIB::ifOutBroadcastPkts.436293632 = Counter32: 797
IF-MIB::ifOutBroadcastPkts.436297728 = Counter32: 0
IF-MIB::ifOutBroadcastPkts.436301824 = Counter32: 0
IF-MIB::ifOutBroadcastPkts.436305920 = Counter32: 0
IF-MIB::ifOutBroadcastPkts.436310016 = Counter32: 0
IF-MIB::ifOutBroadcastPkts.436314112 = Counter32: 0
IF-MIB::ifOutBroadcastPkts.436318208 = Counter32: 0
IF-MIB::ifOutBroadcastPkts.436322304 = Counter32: 0
IF-MIB::ifOutBroadcastPkts.436326400 = Counter32: 0
IF-MIB::ifOutBroadcastPkts.436330496 = Counter32: 0
IF-MIB::ifOutBroadcastPkts.436334592 = Counter32: 0
IF-MIB::ifOutBroadcastPkts.436338688 = Counter32: 375224
IF-MIB::ifOutBroadcastPkts.436342784 = Counter32: 346936
IF-MIB::ifOutBroadcastPkts.436346880 = Counter32: 377182
IF-MIB::ifOutBroadcastPkts.436350976 = Counter32: 377125
IF-MIB::ifOutBroadcastPkts.436355072 = Counter32: 0
IF-MIB::ifOutBroadcastPkts.436359168 = Counter32: 369389
IF-MIB::ifOutBroadcastPkts.436363264 = Counter32: 0
IF-MIB::ifOutBroadcastPkts.436367360 = Counter32: 0
IF-MIB::ifOutBroadcastPkts.436371456 = Counter32: 0
IF-MIB::ifOutBroadcastPkts.436375552 = Counter32: 0
IF-MIB::ifOutBroadcastPkts.436379648 = Counter32: 0
IF-MIB::ifOutBroadcastPkts.436383744 = Counter32: 0
IF-MIB::ifOutBroadcastPkts.436387840 = Counter32: 0
IF-MIB::ifOutBroadcastPkts.436391936 = Counter32: 0
IF-MIB::ifOutBroadcastPkts.436396032 = Counter32: 0
IF-MIB::ifOutBroadcastPkts.436400128 = Counter32: 120361
IF-MIB::ifOutBroadcastPkts.436404224 = Counter32: 0
IF-MIB::ifOutBroadcastPkts.436408320 = Counter32: 0
IF-MIB::ifOutBroadcastPkts.436412416 = Counter32: 0
IF-MIB::ifOutBroadcastPkts.436416512 = Counter32: 0
IF-MIB::ifOutBroadcastPkts.436420608 = Counter32: 0
IF-MIB::ifOutBroadcastPkts.436424704 = Counter32: 0
IF-MIB::ifHCInOctets.83886080 = Counter64: 0
IF-MIB::ifHCInOctets.151060481 = Counter64: 292710
IF-MIB::ifHCInOctets.151060490 = Counter64: 605120283901
IF-MIB::ifHCInOctets.151060497 = Counter64: 0
IF-MIB::ifHCInOctets.151060590 = Counter64: 5188327494469
IF-MIB::ifHCInOctets.151061080 = Counter64: 0
IF-MIB::ifHCInOctets.436207616 = Counter64: 27588191376
IF-MIB::ifHCInOctets.436211712 = Counter64: 0
IF-MIB::ifHCInOctets.436215808 = Counter64: 2167014321
IF-MIB::ifHCInOctets.436219904 = Counter64: 15780450637
IF-MIB::ifHCInOctets.436224000 = Counter64: 1236947278
IF-MIB::ifHCInOctets.436228096 = Counter64: 1861204656935
IF-MIB::ifHCInOctets.436232192 = Counter64: 67210599925
IF-MIB::ifHCInOctets.436236288 = Counter64: 1087575645449
IF-MIB::ifHCInOctets.436240384 = Counter64: 867558234111
IF-MIB::ifHCInOctets.436244480 = Counter64: 1145133533917
IF-MIB::ifHCInOctets.436248576 = Counter64: 102501425
IF-MIB::ifHCInOctets.436252672 = Counter64: 0
IF-MIB::ifHCInOctets.436256768 = Counter64: 531337643
IF-MIB::ifHCInOctets.436260864 = Counter64: 0
IF-MIB::ifHCInOctets.436264960 = Counter64: 575281324
IF-MIB::ifHCInOctets.436269056 = Counter64: 6232893699
IF-MIB::ifHCInOctets.436273152 = Counter64: 3075530
IF-MIB::ifHCInOctets.436277248 = Counter64: 3075624
IF-MIB::ifHCInOctets.436281344 = Counter64: 94264536145
IF-MIB::ifHCInOctets.436285440 = Counter64: 11163622936
IF-MIB::ifHCInOctets.436289536 = Counter64: 75669
IF-MIB::ifHCInOctets.436293632 = Counter64: 22745382
IF-MIB::ifHCInOctets.436297728 = Counter64: 0
IF-MIB::ifHCInOctets.436301824 = Counter64: 0
IF-MIB::ifHCInOctets.436305920 = Counter64: 0
IF-MIB::ifHCInOctets.436310016 = Counter64: 0
IF-MIB::ifHCInOctets.436314112 = Counter64: 0
IF-MIB::ifHCInOctets.436318208 = Counter64: 0
IF-MIB::ifHCInOctets.436322304 = Counter64: 0
IF-MIB::ifHCInOctets.436326400 = Counter64: 0
IF-MIB::ifHCInOctets.436330496 = Counter64: 0
IF-MIB::ifHCInOctets.436334592 = Counter64: 0
IF-MIB::ifHCInOctets.436338688 = Counter64: 4241777078
IF-MIB::ifHCInOctets.436342784 = Counter64: 7946686860
IF-MIB::ifHCInOctets.436346880 = Counter64: 40591901414
IF-MIB::ifHCInOctets.436350976 = Counter64: 39718377125
IF-MIB::ifHCInOctets.436355072 = Counter64: 0
IF-MIB::ifHCInOctets.436359168 = Counter64: 366181185
IF-MIB::ifHCInOctets.436363264 = Counter64: 0
IF-MIB::ifHCInOctets.436367360 = Counter64: 0
IF-MIB::ifHCInOctets.436371456 = Counter64: 0
IF-MIB::ifHCInOctets.436375552 = Counter64: 0
IF-MIB::ifHCInOctets.436379648 = Counter64: 0
IF-MIB::ifHCInOctets.436383744 = Counter64: 0
IF-MIB::ifHCInOctets.436387840 = Counter64: 0
IF-MIB::ifHCInOctets.436391936 = Counter64: 0
IF-MIB::ifHCInOctets.436396032 = Counter64: 0
IF-MIB::ifHCInOctets.436400128 = Counter64: 512256074461
IF-MIB::ifHCInOctets.436404224 = Counter64: 0
IF-MIB::ifHCInOctets.436408320 = Counter64: 0
IF-MIB::ifHCInOctets.436412416 = Counter64: 0
IF-MIB::ifHCInOctets.436416512 = Counter64: 0
IF-MIB::ifHCInOctets.436420608 = Counter64: 0
IF-MIB::ifHCInOctets.436424704 = Counter64: 0
IF-MIB::ifHCInUcastPkts.83886080 = Counter64: 0
IF-MIB::ifHCInUcastPkts.151060481 = Counter64: 3940
IF-MIB::ifHCInUcastPkts.151060490 = Counter64: 612240183
IF-MIB::ifHCInUcastPkts.151060497 = Counter64: 0
IF-MIB::ifHCInUcastPkts.151060590 = Counter64: 5613235479
IF-MIB::ifHCInUcastPkts.151061080 = Counter64: 0
IF-MIB::ifHCInUcastPkts.436207616 = Counter64: 116757055
IF-MIB::ifHCInUcastPkts.436211712 = Counter64: 0
IF-MIB::ifHCInUcastPkts.436215808 = Counter64: 1849667
IF-MIB::ifHCInUcastPkts.436219904 = Counter64: 14000379
IF-MIB::ifHCInUcastPkts.436224000 = Counter64: 2680540
IF-MIB::ifHCInUcastPkts.436228096 = Counter64: 1796770149
IF-MIB::ifHCInUcastPkts.436232192 = Counter64: 600349106
IF-MIB::ifHCInUcastPkts.436236288 = Counter64: 742423101
IF-MIB::ifHCInUcastPkts.436240384 = Counter64: 796052140
IF-MIB::ifHCInUcastPkts.436244480 = Counter64: 893543333
IF-MIB::ifHCInUcastPkts.436248576 = Counter64: 713162
IF-MIB::ifHCInUcastPkts.436252672 = Counter64: 0
IF-MIB::ifHCInUcastPkts.436256768 = Counter64: 54265
IF-MIB::ifHCInUcastPkts.436260864 = Counter64: 0
IF-MIB::ifHCInUcastPkts.436264960 = Counter64: 484685
IF-MIB::ifHCInUcastPkts.436269056 = Counter64: 39724568
IF-MIB::ifHCInUcastPkts.436273152 = Counter64: 38765
IF-MIB::ifHCInUcastPkts.436277248 = Counter64: 38765
IF-MIB::ifHCInUcastPkts.436281344 = Counter64: 485401406
IF-MIB::ifHCInUcastPkts.436285440 = Counter64: 101660307
IF-MIB::ifHCInUcastPkts.436289536 = Counter64: 913
IF-MIB::ifHCInUcastPkts.436293632 = Counter64: 4204
IF-MIB::ifHCInUcastPkts.436297728 = Counter64: 0
IF-MIB::ifHCInUcastPkts.436301824 = Counter64: 0
IF-MIB::ifHCInUcastPkts.436305920 = Counter64: 0
IF-MIB::ifHCInUcastPkts.436310016 = Counter64: 0
IF-MIB::ifHCInUcastPkts.436314112 = Counter64: 0
IF-MIB::ifHCInUcastPkts.436318208 = Counter64: 0
IF-MIB::ifHCInUcastPkts.436322304 = Counter64: 0
IF-MIB::ifHCInUcastPkts.436326400 = Counter64: 0
IF-MIB::ifHCInUcastPkts.436330496 = Counter64: 0
IF-MIB::ifHCInUcastPkts.436334592 = Counter64: 0
IF-MIB::ifHCInUcastPkts.436338688 = Counter64: 45731663
IF-MIB::ifHCInUcastPkts.436342784 = Counter64: 19309006
IF-MIB::ifHCInUcastPkts.436346880 = Counter64: 60498786
IF-MIB::ifHCInUcastPkts.436350976 = Counter64: 57249281
IF-MIB::ifHCInUcastPkts.436355072 = Counter64: 0
IF-MIB::ifHCInUcastPkts.436359168 = Counter64: 2489227
IF-MIB::ifHCInUcastPkts.436363264 = Counter64: 0
IF-MIB::ifHCInUcastPkts.436367360 = Counter64: 0
IF-MIB::ifHCInUcastPkts.436371456 = Counter64: 0
IF-MIB::ifHCInUcastPkts.436375552 = Counter64: 0
IF-MIB::ifHCInUcastPkts.436379648 = Counter64: 0
IF-MIB::ifHCInUcastPkts.436383744 = Counter64: 0
IF-MIB::ifHCInUcastPkts.436387840 = Counter64: 0
IF-MIB::ifHCInUcastPkts.436391936 = Counter64: 0
IF-MIB::ifHCInUcastPkts.436396032 = Counter64: 0
IF-MIB::ifHCInUcastPkts.436400128 = Counter64: 419540193
IF-MIB::ifHCInUcastPkts.436404224 = Counter64: 0
IF-MIB::ifHCInUcastPkts.436408320 = Counter64: 0
IF-MIB::ifHCInUcastPkts.436412416 = Counter64: 0
IF-MIB::ifHCInUcastPkts.436416512 = Counter64: 0
IF-MIB::ifHCInUcastPkts.436420608 = Counter64: 0
IF-MIB::ifHCInUcastPkts.436424704 = Counter64: 0
IF-MIB::ifHCInMulticastPkts.83886080 = Counter64: 0
IF-MIB::ifHCInMulticastPkts.151060481 = Counter64: 0
IF-MIB::ifHCInMulticastPkts.151060490 = Counter64: 0
IF-MIB::ifHCInMulticastPkts.151060497 = Counter64: 0
IF-MIB::ifHCInMulticastPkts.151060590 = Counter64: 0
IF-MIB::ifHCInMulticastPkts.151061080 = Counter64: 0
IF-MIB::ifHCInMulticastPkts.436207616 = Counter64: 9801
IF-MIB::ifHCInMulticastPkts.436211712 = Counter64: 0
IF-MIB::ifHCInMulticastPkts.436215808 = Counter64: 7909
IF-MIB::ifHCInMulticastPkts.436219904 = Counter64: 58291
IF-MIB::ifHCInMulticastPkts.436224000 = Counter64: 56
IF-MIB::ifHCInMulticastPkts.436228096 = Counter64: 51592
IF-MIB::ifHCInMulticastPkts.436232192 = Counter64: 6768
IF-MIB::ifHCInMulticastPkts.436236288 = Counter64: 28397
IF-MIB::ifHCInMulticastPkts.436240384 = Counter64: 315673
IF-MIB::ifHCInMulticastPkts.436244480 = Counter64: 28099
IF-MIB::ifHCInMulticastPkts.436248576 = Counter64: 2320
IF-MIB::ifHCInMulticastPkts.436252672 = Counter64: 0
IF-MIB::ifHCInMulticastPkts.436256768 = Counter64: 1100107
IF-MIB::ifHCInMulticastPkts.436260864 = Counter64: 0
IF-MIB::ifHCInMulticastPkts.436264960 = Counter64: 1142605
IF-MIB::ifHCInMulticastPkts.436269056 = Counter64: 106045
IF-MIB::ifHCInMulticastPkts.436273152 = Counter64: 1
IF-MIB::ifHCInMulticastPkts.436277248 = Counter64: 2
IF-MIB::ifHCInMulticastPkts.436281344 = Counter64: 4033
IF-MIB::ifHCInMulticastPkts.436285440 = Counter64: 0
IF-MIB::ifHCInMulticastPkts.436289536 = Counter64: 0
IF-MIB::ifHCInMulticastPkts.436293632 = Counter64: 266116
IF-MIB::ifHCInMulticastPkts.436297728 = Counter64: 0
IF-MIB::ifHCInMulticastPkts.436301824 = Counter64: 0
IF-MIB::ifHCInMulticastPkts.436305920 = Counter64: 0
IF-MIB::ifHCInMulticastPkts.436310016 = Counter64: 0
IF-MIB::ifHCInMulticastPkts.436314112 = Counter64: 0
IF-MIB::ifHCInMulticastPkts.436318208 = Counter64: 0
IF-MIB::ifHCInMulticastPkts.436322304 = Counter64: 0
IF-MIB::ifHCInMulticastPkts.436326400 = Counter64: 0
IF-MIB::ifHCInMulticastPkts.436330496 = Counter64: 0
IF-MIB::ifHCInMulticastPkts.436334592 = Counter64: 0
IF-MIB::ifHCInMulticastPkts.436338688 = Counter64: 34903
IF-MIB::ifHCInMulticastPkts.436342784 = Counter64: 30128
IF-MIB::ifHCInMulticastPkts.436346880 = Counter64: 339714
IF-MIB::ifHCInMulticastPkts.436350976 = Counter64: 26861
IF-MIB::ifHCInMulticastPkts.436355072 = Counter64: 0
IF-MIB::ifHCInMulticastPkts.436359168 = Counter64: 35358
IF-MIB::ifHCInMulticastPkts.436363264 = Counter64: 0
IF-MIB::ifHCInMulticastPkts.436367360 = Counter64: 0
IF-MIB::ifHCInMulticastPkts.436371456 = Counter64: 0
IF-MIB::ifHCInMulticastPkts.436375552 = Counter64: 0
IF-MIB::ifHCInMulticastPkts.436379648 = Counter64: 0
IF-MIB::ifHCInMulticastPkts.436383744 = Counter64: 0
IF-MIB::ifHCInMulticastPkts.436387840 = Counter64: 0
IF-MIB::ifHCInMulticastPkts.436391936 = Counter64: 0
IF-MIB::ifHCInMulticastPkts.436396032 = Counter64: 0
IF-MIB::ifHCInMulticastPkts.436400128 = Counter64: 6556012
IF-MIB::ifHCInMulticastPkts.436404224 = Counter64: 0
IF-MIB::ifHCInMulticastPkts.436408320 = Counter64: 0
IF-MIB::ifHCInMulticastPkts.436412416 = Counter64: 0
IF-MIB::ifHCInMulticastPkts.436416512 = Counter64: 0
IF-MIB::ifHCInMulticastPkts.436420608 = Counter64: 0
IF-MIB::ifHCInMulticastPkts.436424704 = Counter64: 0
IF-MIB::ifHCInBroadcastPkts.83886080 = Counter64: 0
IF-MIB::ifHCInBroadcastPkts.151060481 = Counter64: 0
IF-MIB::ifHCInBroadcastPkts.151060490 = Counter64: 0
IF-MIB::ifHCInBroadcastPkts.151060497 = Counter64: 0
IF-MIB::ifHCInBroadcastPkts.151060590 = Counter64: 0
IF-MIB::ifHCInBroadcastPkts.151061080 = Counter64: 0
IF-MIB::ifHCInBroadcastPkts.436207616 = Counter64: 3829
IF-MIB::ifHCInBroadcastPkts.436211712 = Counter64: 0
IF-MIB::ifHCInBroadcastPkts.436215808 = Counter64: 18
IF-MIB::ifHCInBroadcastPkts.436219904 = Counter64: 93
IF-MIB::ifHCInBroadcastPkts.436224000 = Counter64: 33
IF-MIB::ifHCInBroadcastPkts.436228096 = Counter64: 11299464
IF-MIB::ifHCInBroadcastPkts.436232192 = Counter64: 3
IF-MIB::ifHCInBroadcastPkts.436236288 = Counter64: 2465837
IF-MIB::ifHCInBroadcastPkts.436240384 = Counter64: 29063
IF-MIB::ifHCInBroadcastPkts.436244480 = Counter64: 375843
IF-MIB::ifHCInBroadcastPkts.436248576 = Counter64: 328
IF-MIB::ifHCInBroadcastPkts.436252672 = Counter64: 0
IF-MIB::ifHCInBroadcastPkts.436256768 = Counter64: 905724
IF-MIB::ifHCInBroadcastPkts.436260864 = Counter64: 0
IF-MIB::ifHCInBroadcastPkts.436264960 = Counter64: 905714
IF-MIB::ifHCInBroadcastPkts.436269056 = Counter64: 242
IF-MIB::ifHCInBroadcastPkts.436273152 = Counter64: 1
IF-MIB::ifHCInBroadcastPkts.436277248 = Counter64: 1
IF-MIB::ifHCInBroadcastPkts.436281344 = Counter64: 1854646
IF-MIB::ifHCInBroadcastPkts.436285440 = Counter64: 4
IF-MIB::ifHCInBroadcastPkts.436289536 = Counter64: 2
IF-MIB::ifHCInBroadcastPkts.436293632 = Counter64: 6
IF-MIB::ifHCInBroadcastPkts.436297728 = Counter64: 0
IF-MIB::ifHCInBroadcastPkts.436301824 = Counter64: 0
IF-MIB::ifHCInBroadcastPkts.436305920 = Counter64: 0
IF-MIB::ifHCInBroadcastPkts.436310016 = Counter64: 0
IF-MIB::ifHCInBroadcastPkts.436314112 = Counter64: 0
IF-MIB::ifHCInBroadcastPkts.436318208 = Counter64: 0
IF-MIB::ifHCInBroadcastPkts.436322304 = Counter64: 0
IF-MIB::ifHCInBroadcastPkts.436326400 = Counter64: 0
IF-MIB::ifHCInBroadcastPkts.436330496 = Counter64: 0
IF-MIB::ifHCInBroadcastPkts.436334592 = Counter64: 0
IF-MIB::ifHCInBroadcastPkts.436338688 = Counter64: 22005
IF-MIB::ifHCInBroadcastPkts.436342784 = Counter64: 50606
IF-MIB::ifHCInBroadcastPkts.436346880 = Counter64: 20188
IF-MIB::ifHCInBroadcastPkts.436350976 = Counter64: 20206
IF-MIB::ifHCInBroadcastPkts.436355072 = Counter64: 0
IF-MIB::ifHCInBroadcastPkts.436359168 = Counter64: 9633
IF-MIB::ifHCInBroadcastPkts.436363264 = Counter64: 0
IF-MIB::ifHCInBroadcastPkts.436367360 = Counter64: 0
IF-MIB::ifHCInBroadcastPkts.436371456 = Counter64: 0
IF-MIB::ifHCInBroadcastPkts.436375552 = Counter64: 0
IF-MIB::ifHCInBroadcastPkts.436379648 = Counter64: 0
IF-MIB::ifHCInBroadcastPkts.436383744 = Counter64: 0
IF-MIB::ifHCInBroadcastPkts.436387840 = Counter64: 0
IF-MIB::ifHCInBroadcastPkts.436391936 = Counter64: 0
IF-MIB::ifHCInBroadcastPkts.436396032 = Counter64: 0
IF-MIB::ifHCInBroadcastPkts.436400128 = Counter64: 276136
IF-MIB::ifHCInBroadcastPkts.436404224 = Counter64: 0
IF-MIB::ifHCInBroadcastPkts.436408320 = Counter64: 0
IF-MIB::ifHCInBroadcastPkts.436412416 = Counter64: 0
IF-MIB::ifHCInBroadcastPkts.436416512 = Counter64: 0
IF-MIB::ifHCInBroadcastPkts.436420608 = Counter64: 0
IF-MIB::ifHCInBroadcastPkts.436424704 = Counter64: 0
IF-MIB::ifHCOutOctets.83886080 = Counter64: 0
IF-MIB::ifHCOutOctets.151060481 = Counter64: 0
IF-MIB::ifHCOutOctets.151060490 = Counter64: 606374034679
IF-MIB::ifHCOutOctets.151060497 = Counter64: 0
IF-MIB::ifHCOutOctets.151060590 = Counter64: 5223406448122
IF-MIB::ifHCOutOctets.151061080 = Counter64: 0
IF-MIB::ifHCOutOctets.436207616 = Counter64: 1028396744777
IF-MIB::ifHCOutOctets.436211712 = Counter64: 0
IF-MIB::ifHCOutOctets.436215808 = Counter64: 951223467
IF-MIB::ifHCOutOctets.436219904 = Counter64: 12980865655
IF-MIB::ifHCOutOctets.436224000 = Counter64: 3686441711
IF-MIB::ifHCOutOctets.436228096 = Counter64: 184283614162
IF-MIB::ifHCOutOctets.436232192 = Counter64: 62955735547
IF-MIB::ifHCOutOctets.436236288 = Counter64: 41372176930
IF-MIB::ifHCOutOctets.436240384 = Counter64: 1424790554925
IF-MIB::ifHCOutOctets.436244480 = Counter64: 1254042942112
IF-MIB::ifHCOutOctets.436248576 = Counter64: 10788102494
IF-MIB::ifHCOutOctets.436252672 = Counter64: 0
IF-MIB::ifHCOutOctets.436256768 = Counter64: 2720559816
IF-MIB::ifHCOutOctets.436260864 = Counter64: 0
IF-MIB::ifHCOutOctets.436264960 = Counter64: 2787141124
IF-MIB::ifHCOutOctets.436269056 = Counter64: 25639739461
IF-MIB::ifHCOutOctets.436273152 = Counter64: 3201576141
IF-MIB::ifHCOutOctets.436277248 = Counter64: 3201576141
IF-MIB::ifHCOutOctets.436281344 = Counter64: 1155001342866
IF-MIB::ifHCOutOctets.436285440 = Counter64: 13241834878
IF-MIB::ifHCOutOctets.436289536 = Counter64: 491094
IF-MIB::ifHCOutOctets.436293632 = Counter64: 180776160
IF-MIB::ifHCOutOctets.436297728 = Counter64: 0
IF-MIB::ifHCOutOctets.436301824 = Counter64: 0
IF-MIB::ifHCOutOctets.436305920 = Counter64: 0
IF-MIB::ifHCOutOctets.436310016 = Counter64: 0
IF-MIB::ifHCOutOctets.436314112 = Counter64: 0
IF-MIB::ifHCOutOctets.436318208 = Counter64: 0
IF-MIB::ifHCOutOctets.436322304 = Counter64: 0
IF-MIB::ifHCOutOctets.436326400 = Counter64: 0
IF-MIB::ifHCOutOctets.436330496 = Counter64: 0
IF-MIB::ifHCOutOctets.436334592 = Counter64: 0
IF-MIB::ifHCOutOctets.436338688 = Counter64: 400227109763
IF-MIB::ifHCOutOctets.436342784 = Counter64: 19589681779
IF-MIB::ifHCOutOctets.436346880 = Counter64: 61593801528
IF-MIB::ifHCOutOctets.436350976 = Counter64: 32859721927
IF-MIB::ifHCOutOctets.436355072 = Counter64: 0
IF-MIB::ifHCOutOctets.436359168 = Counter64: 5689663768
IF-MIB::ifHCOutOctets.436363264 = Counter64: 0
IF-MIB::ifHCOutOctets.436367360 = Counter64: 0
IF-MIB::ifHCOutOctets.436371456 = Counter64: 0
IF-MIB::ifHCOutOctets.436375552 = Counter64: 0
IF-MIB::ifHCOutOctets.436379648 = Counter64: 0
IF-MIB::ifHCOutOctets.436383744 = Counter64: 0
IF-MIB::ifHCOutOctets.436387840 = Counter64: 0
IF-MIB::ifHCOutOctets.436391936 = Counter64: 0
IF-MIB::ifHCOutOctets.436396032 = Counter64: 0
IF-MIB::ifHCOutOctets.436400128 = Counter64: 88493910562
IF-MIB::ifHCOutOctets.436404224 = Counter64: 0
IF-MIB::ifHCOutOctets.436408320 = Counter64: 0
IF-MIB::ifHCOutOctets.436412416 = Counter64: 0
IF-MIB::ifHCOutOctets.436416512 = Counter64: 0
IF-MIB::ifHCOutOctets.436420608 = Counter64: 0
IF-MIB::ifHCOutOctets.436424704 = Counter64: 0
IF-MIB::ifHCOutUcastPkts.83886080 = Counter64: 0
IF-MIB::ifHCOutUcastPkts.151060481 = Counter64: 0
IF-MIB::ifHCOutUcastPkts.151060490 = Counter64: 625007019
IF-MIB::ifHCOutUcastPkts.151060497 = Counter64: 0
IF-MIB::ifHCOutUcastPkts.151060590 = Counter64: 5911044535
IF-MIB::ifHCOutUcastPkts.151061080 = Counter64: 0
IF-MIB::ifHCOutUcastPkts.436207616 = Counter64: 698963751
IF-MIB::ifHCOutUcastPkts.436211712 = Counter64: 0
IF-MIB::ifHCOutUcastPkts.436215808 = Counter64: 1430041
IF-MIB::ifHCOutUcastPkts.436219904 = Counter64: 15382555
IF-MIB::ifHCOutUcastPkts.436224000 = Counter64: 3557543
IF-MIB::ifHCOutUcastPkts.436228096 = Counter64: 855762298
IF-MIB::ifHCOutUcastPkts.436232192 = Counter64: 600943118
IF-MIB::ifHCOutUcastPkts.436236288 = Counter64: 185511200
IF-MIB::ifHCOutUcastPkts.436240384 = Counter64: 1087496812
IF-MIB::ifHCOutUcastPkts.436244480 = Counter64: 935943095
IF-MIB::ifHCOutUcastPkts.436248576 = Counter64: 5834739
IF-MIB::ifHCOutUcastPkts.436252672 = Counter64: 0
IF-MIB::ifHCOutUcastPkts.436256768 = Counter64: 797472
IF-MIB::ifHCOutUcastPkts.436260864 = Counter64: 0
IF-MIB::ifHCOutUcastPkts.436264960 = Counter64: 1512060
IF-MIB::ifHCOutUcastPkts.436269056 = Counter64: 51817660
IF-MIB::ifHCOutUcastPkts.436273152 = Counter64: 782030
IF-MIB::ifHCOutUcastPkts.436277248 = Counter64: 782030
IF-MIB::ifHCOutUcastPkts.436281344 = Counter64: 1048577974
IF-MIB::ifHCOutUcastPkts.436285440 = Counter64: 102393869
IF-MIB::ifHCOutUcastPkts.436289536 = Counter64: 863
IF-MIB::ifHCOutUcastPkts.436293632 = Counter64: 2224
IF-MIB::ifHCOutUcastPkts.436297728 = Counter64: 0
IF-MIB::ifHCOutUcastPkts.436301824 = Counter64: 0
IF-MIB::ifHCOutUcastPkts.436305920 = Counter64: 0
IF-MIB::ifHCOutUcastPkts.436310016 = Counter64: 0
IF-MIB::ifHCOutUcastPkts.436314112 = Counter64: 0
IF-MIB::ifHCOutUcastPkts.436318208 = Counter64: 0
IF-MIB::ifHCOutUcastPkts.436322304 = Counter64: 0
IF-MIB::ifHCOutUcastPkts.436326400 = Counter64: 0
IF-MIB::ifHCOutUcastPkts.436330496 = Counter64: 0
IF-MIB::ifHCOutUcastPkts.436334592 = Counter64: 0
IF-MIB::ifHCOutUcastPkts.436338688 = Counter64: 277867956
IF-MIB::ifHCOutUcastPkts.436342784 = Counter64: 22961046
IF-MIB::ifHCOutUcastPkts.436346880 = Counter64: 66401148
IF-MIB::ifHCOutUcastPkts.436350976 = Counter64: 51912804
IF-MIB::ifHCOutUcastPkts.436355072 = Counter64: 0
IF-MIB::ifHCOutUcastPkts.436359168 = Counter64: 5399716
IF-MIB::ifHCOutUcastPkts.436363264 = Counter64: 0
IF-MIB::ifHCOutUcastPkts.436367360 = Counter64: 0
IF-MIB::ifHCOutUcastPkts.436371456 = Counter64: 0
IF-MIB::ifHCOutUcastPkts.436375552 = Counter64: 0
IF-MIB::ifHCOutUcastPkts.436379648 = Counter64: 0
IF-MIB::ifHCOutUcastPkts.436383744 = Counter64: 0
IF-MIB::ifHCOutUcastPkts.436387840 = Counter64: 0
IF-MIB::ifHCOutUcastPkts.436391936 = Counter64: 0
IF-MIB::ifHCOutUcastPkts.436396032 = Counter64: 0
IF-MIB::ifHCOutUcastPkts.436400128 = Counter64: 186225094
IF-MIB::ifHCOutUcastPkts.436404224 = Counter64: 0
IF-MIB::ifHCOutUcastPkts.436408320 = Counter64: 0
IF-MIB::ifHCOutUcastPkts.436412416 = Counter64: 0
IF-MIB::ifHCOutUcastPkts.436416512 = Counter64: 0
IF-MIB::ifHCOutUcastPkts.436420608 = Counter64: 0
IF-MIB::ifHCOutUcastPkts.436424704 = Counter64: 0
IF-MIB::ifHCOutMulticastPkts.83886080 = Counter64: 0
IF-MIB::ifHCOutMulticastPkts.151060481 = Counter64: 0
IF-MIB::ifHCOutMulticastPkts.151060490 = Counter64: 0
IF-MIB::ifHCOutMulticastPkts.151060497 = Counter64: 0
IF-MIB::ifHCOutMulticastPkts.151060590 = Counter64: 0
IF-MIB::ifHCOutMulticastPkts.151061080 = Counter64: 0
IF-MIB::ifHCOutMulticastPkts.436207616 = Counter64: 4650622
IF-MIB::ifHCOutMulticastPkts.436211712 = Counter64: 0
IF-MIB::ifHCOutMulticastPkts.436215808 = Counter64: 850823
IF-MIB::ifHCOutMulticastPkts.436219904 = Counter64: 4534188
IF-MIB::ifHCOutMulticastPkts.436224000 = Counter64: 8758017
IF-MIB::ifHCOutMulticastPkts.436228096 = Counter64: 14542876
IF-MIB::ifHCOutMulticastPkts.436232192 = Counter64: 8751930
IF-MIB::ifHCOutMulticastPkts.436236288 = Counter64: 8746924
IF-MIB::ifHCOutMulticastPkts.436240384 = Counter64: 8524202
IF-MIB::ifHCOutMulticastPkts.436244480 = Counter64: 8747040
IF-MIB::ifHCOutMulticastPkts.436248576 = Counter64: 8754634
IF-MIB::ifHCOutMulticastPkts.436252672 = Counter64: 0
IF-MIB::ifHCOutMulticastPkts.436256768 = Counter64: 7852798
IF-MIB::ifHCOutMulticastPkts.436260864 = Counter64: 0
IF-MIB::ifHCOutMulticastPkts.436264960 = Counter64: 7810071
IF-MIB::ifHCOutMulticastPkts.436269056 = Counter64: 8653349
IF-MIB::ifHCOutMulticastPkts.436273152 = Counter64: 8758656
IF-MIB::ifHCOutMulticastPkts.436277248 = Counter64: 8758656
IF-MIB::ifHCOutMulticastPkts.436281344 = Counter64: 8358032
IF-MIB::ifHCOutMulticastPkts.436285440 = Counter64: 8758651
IF-MIB::ifHCOutMulticastPkts.436289536 = Counter64: 1203
IF-MIB::ifHCOutMulticastPkts.436293632 = Counter64: 2033217
IF-MIB::ifHCOutMulticastPkts.436297728 = Counter64: 0
IF-MIB::ifHCOutMulticastPkts.436301824 = Counter64: 0
IF-MIB::ifHCOutMulticastPkts.436305920 = Counter64: 0
IF-MIB::ifHCOutMulticastPkts.436310016 = Counter64: 0
IF-MIB::ifHCOutMulticastPkts.436314112 = Counter64: 0
IF-MIB::ifHCOutMulticastPkts.436318208 = Counter64: 0
IF-MIB::ifHCOutMulticastPkts.436322304 = Counter64: 0
IF-MIB::ifHCOutMulticastPkts.436326400 = Counter64: 0
IF-MIB::ifHCOutMulticastPkts.436330496 = Counter64: 0
IF-MIB::ifHCOutMulticastPkts.436334592 = Counter64: 0
IF-MIB::ifHCOutMulticastPkts.436338688 = Counter64: 6728235
IF-MIB::ifHCOutMulticastPkts.436342784 = Counter64: 6748817
IF-MIB::ifHCOutMulticastPkts.436346880 = Counter64: 6503833
IF-MIB::ifHCOutMulticastPkts.436350976 = Counter64: 6751690
IF-MIB::ifHCOutMulticastPkts.436355072 = Counter64: 0
IF-MIB::ifHCOutMulticastPkts.436359168 = Counter64: 6421500
IF-MIB::ifHCOutMulticastPkts.436363264 = Counter64: 0
IF-MIB::ifHCOutMulticastPkts.436367360 = Counter64: 0
IF-MIB::ifHCOutMulticastPkts.436371456 = Counter64: 0
IF-MIB::ifHCOutMulticastPkts.436375552 = Counter64: 0
IF-MIB::ifHCOutMulticastPkts.436379648 = Counter64: 0
IF-MIB::ifHCOutMulticastPkts.436383744 = Counter64: 0
IF-MIB::ifHCOutMulticastPkts.436387840 = Counter64: 0
IF-MIB::ifHCOutMulticastPkts.436391936 = Counter64: 0
IF-MIB::ifHCOutMulticastPkts.436396032 = Counter64: 0
IF-MIB::ifHCOutMulticastPkts.436400128 = Counter64: 926917
IF-MIB::ifHCOutMulticastPkts.436404224 = Counter64: 0
IF-MIB::ifHCOutMulticastPkts.436408320 = Counter64: 0
IF-MIB::ifHCOutMulticastPkts.436412416 = Counter64: 0
IF-MIB::ifHCOutMulticastPkts.436416512 = Counter64: 0
IF-MIB::ifHCOutMulticastPkts.436420608 = Counter64: 0
IF-MIB::ifHCOutMulticastPkts.436424704 = Counter64: 0
IF-MIB::ifHCOutBroadcastPkts.83886080 = Counter64: 0
IF-MIB::ifHCOutBroadcastPkts.151060481 = Counter64: 0
IF-MIB::ifHCOutBroadcastPkts.151060490 = Counter64: 0
IF-MIB::ifHCOutBroadcastPkts.151060497 = Counter64: 0
IF-MIB::ifHCOutBroadcastPkts.151060590 = Counter64: 0
IF-MIB::ifHCOutBroadcastPkts.151061080 = Counter64: 0
IF-MIB::ifHCOutBroadcastPkts.436207616 = Counter64: 10382580
IF-MIB::ifHCOutBroadcastPkts.436211712 = Counter64: 0
IF-MIB::ifHCOutBroadcastPkts.436215808 = Counter64: 1448433
IF-MIB::ifHCOutBroadcastPkts.436219904 = Counter64: 11019632
IF-MIB::ifHCOutBroadcastPkts.436224000 = Counter64: 17834292
IF-MIB::ifHCOutBroadcastPkts.436228096 = Counter64: 6536435
IF-MIB::ifHCOutBroadcastPkts.436232192 = Counter64: 17836089
IF-MIB::ifHCOutBroadcastPkts.436236288 = Counter64: 15370081
IF-MIB::ifHCOutBroadcastPkts.436240384 = Counter64: 17776100
IF-MIB::ifHCOutBroadcastPkts.436244480 = Counter64: 17458630
IF-MIB::ifHCOutBroadcastPkts.436248576 = Counter64: 17832327
IF-MIB::ifHCOutBroadcastPkts.436252672 = Counter64: 0
IF-MIB::ifHCOutBroadcastPkts.436256768 = Counter64: 16930194
IF-MIB::ifHCOutBroadcastPkts.436260864 = Counter64: 0
IF-MIB::ifHCOutBroadcastPkts.436264960 = Counter64: 16930037
IF-MIB::ifHCOutBroadcastPkts.436269056 = Counter64: 17828201
IF-MIB::ifHCOutBroadcastPkts.436273152 = Counter64: 17836091
IF-MIB::ifHCOutBroadcastPkts.436277248 = Counter64: 17836091
IF-MIB::ifHCOutBroadcastPkts.436281344 = Counter64: 15053483
IF-MIB::ifHCOutBroadcastPkts.436285440 = Counter64: 17836087
IF-MIB::ifHCOutBroadcastPkts.436289536 = Counter64: 2535
IF-MIB::ifHCOutBroadcastPkts.436293632 = Counter64: 797
IF-MIB::ifHCOutBroadcastPkts.436297728 = Counter64: 0
IF-MIB::ifHCOutBroadcastPkts.436301824 = Counter64: 0
IF-MIB::ifHCOutBroadcastPkts.436305920 = Counter64: 0
IF-MIB::ifHCOutBroadcastPkts.436310016 = Counter64: 0
IF-MIB::ifHCOutBroadcastPkts.436314112 = Counter64: 0
IF-MIB::ifHCOutBroadcastPkts.436318208 = Counter64: 0
IF-MIB::ifHCOutBroadcastPkts.436322304 = Counter64: 0
IF-MIB::ifHCOutBroadcastPkts.436326400 = Counter64: 0
IF-MIB::ifHCOutBroadcastPkts.436330496 = Counter64: 0
IF-MIB::ifHCOutBroadcastPkts.436334592 = Counter64: 0
IF-MIB::ifHCOutBroadcastPkts.436338688 = Counter64: 375224
IF-MIB::ifHCOutBroadcastPkts.436342784 = Counter64: 346936
IF-MIB::ifHCOutBroadcastPkts.436346880 = Counter64: 377182
IF-MIB::ifHCOutBroadcastPkts.436350976 = Counter64: 377125
IF-MIB::ifHCOutBroadcastPkts.436355072 = Counter64: 0
IF-MIB::ifHCOutBroadcastPkts.436359168 = Counter64: 369389
IF-MIB::ifHCOutBroadcastPkts.436363264 = Counter64: 0
IF-MIB::ifHCOutBroadcastPkts.436367360 = Counter64: 0
IF-MIB::ifHCOutBroadcastPkts.436371456 = Counter64: 0
IF-MIB::ifHCOutBroadcastPkts.436375552 = Counter64: 0
IF-MIB::ifHCOutBroadcastPkts.436379648 = Counter64: 0
IF-MIB::ifHCOutBroadcastPkts.436383744 = Counter64: 0
IF-MIB::ifHCOutBroadcastPkts.436387840 = Counter64: 0
IF-MIB::ifHCOutBroadcastPkts.436391936 = Counter64: 0
IF-MIB::ifHCOutBroadcastPkts.436396032 = Counter64: 0
IF-MIB::ifHCOutBroadcastPkts.436400128 = Counter64: 120361
IF-MIB::ifHCOutBroadcastPkts.436404224 = Counter64: 0
IF-MIB::ifHCOutBroadcastPkts.436408320 = Counter64: 0
IF-MIB::ifHCOutBroadcastPkts.436412416 = Counter64: 0
IF-MIB::ifHCOutBroadcastPkts.436416512 = Counter64: 0
IF-MIB::ifHCOutBroadcastPkts.436420608 = Counter64: 0
IF-MIB::ifHCOutBroadcastPkts.436424704 = Counter64: 0
IF-MIB::ifLinkUpDownTrapEnable.83886080 = INTEGER: enabled(1)
IF-MIB::ifLinkUpDownTrapEnable.151060481 = INTEGER: enabled(1)
IF-MIB::ifLinkUpDownTrapEnable.151060490 = INTEGER: enabled(1)
IF-MIB::ifLinkUpDownTrapEnable.151060497 = INTEGER: enabled(1)
IF-MIB::ifLinkUpDownTrapEnable.151060590 = INTEGER: enabled(1)
IF-MIB::ifLinkUpDownTrapEnable.151061080 = INTEGER: enabled(1)
IF-MIB::ifLinkUpDownTrapEnable.436207616 = INTEGER: enabled(1)
IF-MIB::ifLinkUpDownTrapEnable.436211712 = INTEGER: enabled(1)
IF-MIB::ifLinkUpDownTrapEnable.436215808 = INTEGER: enabled(1)
IF-MIB::ifLinkUpDownTrapEnable.436219904 = INTEGER: enabled(1)
IF-MIB::ifLinkUpDownTrapEnable.436224000 = INTEGER: enabled(1)
IF-MIB::ifLinkUpDownTrapEnable.436228096 = INTEGER: enabled(1)
IF-MIB::ifLinkUpDownTrapEnable.436232192 = INTEGER: enabled(1)
IF-MIB::ifLinkUpDownTrapEnable.436236288 = INTEGER: enabled(1)
IF-MIB::ifLinkUpDownTrapEnable.436240384 = INTEGER: enabled(1)
IF-MIB::ifLinkUpDownTrapEnable.436244480 = INTEGER: enabled(1)
IF-MIB::ifLinkUpDownTrapEnable.436248576 = INTEGER: enabled(1)
IF-MIB::ifLinkUpDownTrapEnable.436252672 = INTEGER: enabled(1)
IF-MIB::ifLinkUpDownTrapEnable.436256768 = INTEGER: enabled(1)
IF-MIB::ifLinkUpDownTrapEnable.436260864 = INTEGER: enabled(1)
IF-MIB::ifLinkUpDownTrapEnable.436264960 = INTEGER: enabled(1)
IF-MIB::ifLinkUpDownTrapEnable.436269056 = INTEGER: enabled(1)
IF-MIB::ifLinkUpDownTrapEnable.436273152 = INTEGER: enabled(1)
IF-MIB::ifLinkUpDownTrapEnable.436277248 = INTEGER: enabled(1)
IF-MIB::ifLinkUpDownTrapEnable.436281344 = INTEGER: enabled(1)
IF-MIB::ifLinkUpDownTrapEnable.436285440 = INTEGER: enabled(1)
IF-MIB::ifLinkUpDownTrapEnable.436289536 = INTEGER: enabled(1)
IF-MIB::ifLinkUpDownTrapEnable.436293632 = INTEGER: enabled(1)
IF-MIB::ifLinkUpDownTrapEnable.436297728 = INTEGER: enabled(1)
IF-MIB::ifLinkUpDownTrapEnable.436301824 = INTEGER: enabled(1)
IF-MIB::ifLinkUpDownTrapEnable.436305920 = INTEGER: enabled(1)
IF-MIB::ifLinkUpDownTrapEnable.436310016 = INTEGER: enabled(1)
IF-MIB::ifLinkUpDownTrapEnable.436314112 = INTEGER: enabled(1)
IF-MIB::ifLinkUpDownTrapEnable.436318208 = INTEGER: enabled(1)
IF-MIB::ifLinkUpDownTrapEnable.436322304 = INTEGER: enabled(1)
IF-MIB::ifLinkUpDownTrapEnable.436326400 = INTEGER: enabled(1)
IF-MIB::ifLinkUpDownTrapEnable.436330496 = INTEGER: enabled(1)
IF-MIB::ifLinkUpDownTrapEnable.436334592 = INTEGER: enabled(1)
IF-MIB::ifLinkUpDownTrapEnable.436338688 = INTEGER: enabled(1)
IF-MIB::ifLinkUpDownTrapEnable.436342784 = INTEGER: enabled(1)
IF-MIB::ifLinkUpDownTrapEnable.436346880 = INTEGER: enabled(1)
IF-MIB::ifLinkUpDownTrapEnable.436350976 = INTEGER: enabled(1)
IF-MIB::ifLinkUpDownTrapEnable.436355072 = INTEGER: enabled(1)
IF-MIB::ifLinkUpDownTrapEnable.436359168 = INTEGER: enabled(1)
IF-MIB::ifLinkUpDownTrapEnable.436363264 = INTEGER: enabled(1)
IF-MIB::ifLinkUpDownTrapEnable.436367360 = INTEGER: enabled(1)
IF-MIB::ifLinkUpDownTrapEnable.436371456 = INTEGER: enabled(1)
IF-MIB::ifLinkUpDownTrapEnable.436375552 = INTEGER: enabled(1)
IF-MIB::ifLinkUpDownTrapEnable.436379648 = INTEGER: enabled(1)
IF-MIB::ifLinkUpDownTrapEnable.436383744 = INTEGER: enabled(1)
IF-MIB::ifLinkUpDownTrapEnable.436387840 = INTEGER: enabled(1)
IF-MIB::ifLinkUpDownTrapEnable.436391936 = INTEGER: enabled(1)
IF-MIB::ifLinkUpDownTrapEnable.436396032 = INTEGER: enabled(1)
IF-MIB::ifLinkUpDownTrapEnable.436400128 = INTEGER: enabled(1)
IF-MIB::ifLinkUpDownTrapEnable.436404224 = INTEGER: enabled(1)
IF-MIB::ifLinkUpDownTrapEnable.436408320 = INTEGER: enabled(1)
IF-MIB::ifLinkUpDownTrapEnable.436412416 = INTEGER: enabled(1)
IF-MIB::ifLinkUpDownTrapEnable.436416512 = INTEGER: enabled(1)
IF-MIB::ifLinkUpDownTrapEnable.436420608 = INTEGER: enabled(1)
IF-MIB::ifLinkUpDownTrapEnable.436424704 = INTEGER: enabled(1)
IF-MIB::ifHighSpeed.83886080 = Gauge32: 0
IF-MIB::ifHighSpeed.151060481 = Gauge32: 1000
IF-MIB::ifHighSpeed.151060490 = Gauge32: 1000
IF-MIB::ifHighSpeed.151060497 = Gauge32: 1000
IF-MIB::ifHighSpeed.151060590 = Gauge32: 1000
IF-MIB::ifHighSpeed.151061080 = Gauge32: 1000
IF-MIB::ifHighSpeed.436207616 = Gauge32: 1000
IF-MIB::ifHighSpeed.436211712 = Gauge32: 10000
IF-MIB::ifHighSpeed.436215808 = Gauge32: 1000
IF-MIB::ifHighSpeed.436219904 = Gauge32: 10000
IF-MIB::ifHighSpeed.436224000 = Gauge32: 1000
IF-MIB::ifHighSpeed.436228096 = Gauge32: 1000
IF-MIB::ifHighSpeed.436232192 = Gauge32: 1000
IF-MIB::ifHighSpeed.436236288 = Gauge32: 1000
IF-MIB::ifHighSpeed.436240384 = Gauge32: 1000
IF-MIB::ifHighSpeed.436244480 = Gauge32: 1000
IF-MIB::ifHighSpeed.436248576 = Gauge32: 1000
IF-MIB::ifHighSpeed.436252672 = Gauge32: 10000
IF-MIB::ifHighSpeed.436256768 = Gauge32: 1000
IF-MIB::ifHighSpeed.436260864 = Gauge32: 10000
IF-MIB::ifHighSpeed.436264960 = Gauge32: 10000
IF-MIB::ifHighSpeed.436269056 = Gauge32: 1000
IF-MIB::ifHighSpeed.436273152 = Gauge32: 1000
IF-MIB::ifHighSpeed.436277248 = Gauge32: 1000
IF-MIB::ifHighSpeed.436281344 = Gauge32: 10000
IF-MIB::ifHighSpeed.436285440 = Gauge32: 1000
IF-MIB::ifHighSpeed.436289536 = Gauge32: 10000
IF-MIB::ifHighSpeed.436293632 = Gauge32: 10000
IF-MIB::ifHighSpeed.436297728 = Gauge32: 10000
IF-MIB::ifHighSpeed.436301824 = Gauge32: 10000
IF-MIB::ifHighSpeed.436305920 = Gauge32: 10000
IF-MIB::ifHighSpeed.436310016 = Gauge32: 10000
IF-MIB::ifHighSpeed.436314112 = Gauge32: 10000
IF-MIB::ifHighSpeed.436318208 = Gauge32: 10000
IF-MIB::ifHighSpeed.436322304 = Gauge32: 10000
IF-MIB::ifHighSpeed.436326400 = Gauge32: 10000
IF-MIB::ifHighSpeed.436330496 = Gauge32: 10000
IF-MIB::ifHighSpeed.436334592 = Gauge32: 10000
IF-MIB::ifHighSpeed.436338688 = Gauge32: 1000
IF-MIB::ifHighSpeed.436342784 = Gauge32: 1000
IF-MIB::ifHighSpeed.436346880 = Gauge32: 1000
IF-MIB::ifHighSpeed.436350976 = Gauge32: 1000
IF-MIB::ifHighSpeed.436355072 = Gauge32: 10000
IF-MIB::ifHighSpeed.436359168 = Gauge32: 10000
IF-MIB::ifHighSpeed.436363264 = Gauge32: 10000
IF-MIB::ifHighSpeed.436367360 = Gauge32: 10000
IF-MIB::ifHighSpeed.436371456 = Gauge32: 10000
IF-MIB::ifHighSpeed.436375552 = Gauge32: 10000
IF-MIB::ifHighSpeed.436379648 = Gauge32: 10000
IF-MIB::ifHighSpeed.436383744 = Gauge32: 10000
IF-MIB::ifHighSpeed.436387840 = Gauge32: 10000
IF-MIB::ifHighSpeed.436391936 = Gauge32: 10000
IF-MIB::ifHighSpeed.436396032 = Gauge32: 10000
IF-MIB::ifHighSpeed.436400128 = Gauge32: 1000
IF-MIB::ifHighSpeed.436404224 = Gauge32: 40000
IF-MIB::ifHighSpeed.436408320 = Gauge32: 40000
IF-MIB::ifHighSpeed.436412416 = Gauge32: 40000
IF-MIB::ifHighSpeed.436416512 = Gauge32: 40000
IF-MIB::ifHighSpeed.436420608 = Gauge32: 40000
IF-MIB::ifHighSpeed.436424704 = Gauge32: 40000
IF-MIB::ifPromiscuousMode.83886080 = INTEGER: false(2)
IF-MIB::ifPromiscuousMode.151060481 = INTEGER: false(2)
IF-MIB::ifPromiscuousMode.151060490 = INTEGER: false(2)
IF-MIB::ifPromiscuousMode.151060497 = INTEGER: false(2)
IF-MIB::ifPromiscuousMode.151060590 = INTEGER: false(2)
IF-MIB::ifPromiscuousMode.151061080 = INTEGER: false(2)
IF-MIB::ifPromiscuousMode.436207616 = INTEGER: false(2)
IF-MIB::ifPromiscuousMode.436211712 = INTEGER: false(2)
IF-MIB::ifPromiscuousMode.436215808 = INTEGER: false(2)
IF-MIB::ifPromiscuousMode.436219904 = INTEGER: false(2)
IF-MIB::ifPromiscuousMode.436224000 = INTEGER: false(2)
IF-MIB::ifPromiscuousMode.436228096 = INTEGER: false(2)
IF-MIB::ifPromiscuousMode.436232192 = INTEGER: false(2)
IF-MIB::ifPromiscuousMode.436236288 = INTEGER: false(2)
IF-MIB::ifPromiscuousMode.436240384 = INTEGER: false(2)
IF-MIB::ifPromiscuousMode.436244480 = INTEGER: false(2)
IF-MIB::ifPromiscuousMode.436248576 = INTEGER: false(2)
IF-MIB::ifPromiscuousMode.436252672 = INTEGER: false(2)
IF-MIB::ifPromiscuousMode.436256768 = INTEGER: false(2)
IF-MIB::ifPromiscuousMode.436260864 = INTEGER: false(2)
IF-MIB::ifPromiscuousMode.436264960 = INTEGER: false(2)
IF-MIB::ifPromiscuousMode.436269056 = INTEGER: false(2)
IF-MIB::ifPromiscuousMode.436273152 = INTEGER: false(2)
IF-MIB::ifPromiscuousMode.436277248 = INTEGER: false(2)
IF-MIB::ifPromiscuousMode.436281344 = INTEGER: false(2)
IF-MIB::ifPromiscuousMode.436285440 = INTEGER: false(2)
IF-MIB::ifPromiscuousMode.436289536 = INTEGER: false(2)
IF-MIB::ifPromiscuousMode.436293632 = INTEGER: false(2)
IF-MIB::ifPromiscuousMode.436297728 = INTEGER: false(2)
IF-MIB::ifPromiscuousMode.436301824 = INTEGER: false(2)
IF-MIB::ifPromiscuousMode.436305920 = INTEGER: false(2)
IF-MIB::ifPromiscuousMode.436310016 = INTEGER: false(2)
IF-MIB::ifPromiscuousMode.436314112 = INTEGER: false(2)
IF-MIB::ifPromiscuousMode.436318208 = INTEGER: false(2)
IF-MIB::ifPromiscuousMode.436322304 = INTEGER: false(2)
IF-MIB::ifPromiscuousMode.436326400 = INTEGER: false(2)
IF-MIB::ifPromiscuousMode.436330496 = INTEGER: false(2)
IF-MIB::ifPromiscuousMode.436334592 = INTEGER: false(2)
IF-MIB::ifPromiscuousMode.436338688 = INTEGER: false(2)
IF-MIB::ifPromiscuousMode.436342784 = INTEGER: false(2)
IF-MIB::ifPromiscuousMode.436346880 = INTEGER: false(2)
IF-MIB::ifPromiscuousMode.436350976 = INTEGER: false(2)
IF-MIB::ifPromiscuousMode.436355072 = INTEGER: false(2)
IF-MIB::ifPromiscuousMode.436359168 = INTEGER: false(2)
IF-MIB::ifPromiscuousMode.436363264 = INTEGER: false(2)
IF-MIB::ifPromiscuousMode.436367360 = INTEGER: false(2)
IF-MIB::ifPromiscuousMode.436371456 = INTEGER: false(2)
IF-MIB::ifPromiscuousMode.436375552 = INTEGER: false(2)
IF-MIB::ifPromiscuousMode.436379648 = INTEGER: false(2)
IF-MIB::ifPromiscuousMode.436383744 = INTEGER: false(2)
IF-MIB::ifPromiscuousMode.436387840 = INTEGER: false(2)
IF-MIB::ifPromiscuousMode.436391936 = INTEGER: false(2)
IF-MIB::ifPromiscuousMode.436396032 = INTEGER: false(2)
IF-MIB::ifPromiscuousMode.436400128 = INTEGER: false(2)
IF-MIB::ifPromiscuousMode.436404224 = INTEGER: false(2)
IF-MIB::ifPromiscuousMode.436408320 = INTEGER: false(2)
IF-MIB::ifPromiscuousMode.436412416 = INTEGER: false(2)
IF-MIB::ifPromiscuousMode.436416512 = INTEGER: false(2)
IF-MIB::ifPromiscuousMode.436420608 = INTEGER: false(2)
IF-MIB::ifPromiscuousMode.436424704 = INTEGER: false(2)
IF-MIB::ifConnectorPresent.83886080 = INTEGER: false(2)
IF-MIB::ifConnectorPresent.151060481 = INTEGER: false(2)
IF-MIB::ifConnectorPresent.151060490 = INTEGER: false(2)
IF-MIB::ifConnectorPresent.151060497 = INTEGER: false(2)
IF-MIB::ifConnectorPresent.151060590 = INTEGER: false(2)
IF-MIB::ifConnectorPresent.151061080 = INTEGER: false(2)
IF-MIB::ifConnectorPresent.436207616 = INTEGER: false(2)
IF-MIB::ifConnectorPresent.436211712 = INTEGER: false(2)
IF-MIB::ifConnectorPresent.436215808 = INTEGER: false(2)
IF-MIB::ifConnectorPresent.436219904 = INTEGER: false(2)
IF-MIB::ifConnectorPresent.436224000 = INTEGER: false(2)
IF-MIB::ifConnectorPresent.436228096 = INTEGER: false(2)
IF-MIB::ifConnectorPresent.436232192 = INTEGER: false(2)
IF-MIB::ifConnectorPresent.436236288 = INTEGER: false(2)
IF-MIB::ifConnectorPresent.436240384 = INTEGER: false(2)
IF-MIB::ifConnectorPresent.436244480 = INTEGER: false(2)
IF-MIB::ifConnectorPresent.436248576 = INTEGER: false(2)
IF-MIB::ifConnectorPresent.436252672 = INTEGER: false(2)
IF-MIB::ifConnectorPresent.436256768 = INTEGER: false(2)
IF-MIB::ifConnectorPresent.436260864 = INTEGER: false(2)
IF-MIB::ifConnectorPresent.436264960 = INTEGER: false(2)
IF-MIB::ifConnectorPresent.436269056 = INTEGER: false(2)
IF-MIB::ifConnectorPresent.436273152 = INTEGER: false(2)
IF-MIB::ifConnectorPresent.436277248 = INTEGER: false(2)
IF-MIB::ifConnectorPresent.436281344 = INTEGER: false(2)
IF-MIB::ifConnectorPresent.436285440 = INTEGER: false(2)
IF-MIB::ifConnectorPresent.436289536 = INTEGER: false(2)
IF-MIB::ifConnectorPresent.436293632 = INTEGER: false(2)
IF-MIB::ifConnectorPresent.436297728 = INTEGER: false(2)
IF-MIB::ifConnectorPresent.436301824 = INTEGER: false(2)
IF-MIB::ifConnectorPresent.436305920 = INTEGER: false(2)
IF-MIB::ifConnectorPresent.436310016 = INTEGER: false(2)
IF-MIB::ifConnectorPresent.436314112 = INTEGER: false(2)
IF-MIB::ifConnectorPresent.436318208 = INTEGER: false(2)
IF-MIB::ifConnectorPresent.436322304 = INTEGER: false(2)
IF-MIB::ifConnectorPresent.436326400 = INTEGER: false(2)
IF-MIB::ifConnectorPresent.436330496 = INTEGER: false(2)
IF-MIB::ifConnectorPresent.436334592 = INTEGER: false(2)
IF-MIB::ifConnectorPresent.436338688 = INTEGER: false(2)
IF-MIB::ifConnectorPresent.436342784 = INTEGER: false(2)
IF-MIB::ifConnectorPresent.436346880 = INTEGER: false(2)
IF-MIB::ifConnectorPresent.436350976 = INTEGER: false(2)
IF-MIB::ifConnectorPresent.436355072 = INTEGER: false(2)
IF-MIB::ifConnectorPresent.436359168 = INTEGER: false(2)
IF-MIB::ifConnectorPresent.436363264 = INTEGER: false(2)
IF-MIB::ifConnectorPresent.436367360 = INTEGER: false(2)
IF-MIB::ifConnectorPresent.436371456 = INTEGER: false(2)
IF-MIB::ifConnectorPresent.436375552 = INTEGER: false(2)
IF-MIB::ifConnectorPresent.436379648 = INTEGER: false(2)
IF-MIB::ifConnectorPresent.436383744 = INTEGER: false(2)
IF-MIB::ifConnectorPresent.436387840 = INTEGER: false(2)
IF-MIB::ifConnectorPresent.436391936 = INTEGER: false(2)
IF-MIB::ifConnectorPresent.436396032 = INTEGER: false(2)
IF-MIB::ifConnectorPresent.436400128 = INTEGER: false(2)
IF-MIB::ifConnectorPresent.436404224 = INTEGER: false(2)
IF-MIB::ifConnectorPresent.436408320 = INTEGER: false(2)
IF-MIB::ifConnectorPresent.436412416 = INTEGER: false(2)
IF-MIB::ifConnectorPresent.436416512 = INTEGER: false(2)
IF-MIB::ifConnectorPresent.436420608 = INTEGER: false(2)
IF-MIB::ifConnectorPresent.436424704 = INTEGER: false(2)
IF-MIB::ifAlias.83886080 = STRING: 
IF-MIB::ifAlias.151060481 = STRING: 
IF-MIB::ifAlias.151060490 = STRING: 
IF-MIB::ifAlias.151060497 = STRING: 
IF-MIB::ifAlias.151060590 = STRING: 
IF-MIB::ifAlias.151061080 = STRING: 
IF-MIB::ifAlias.436207616 = STRING: 
IF-MIB::ifAlias.436211712 = STRING: test-description
IF-MIB::ifAlias.436215808 = STRING: 
IF-MIB::ifAlias.436219904 = STRING: 
IF-MIB::ifAlias.436224000 = STRING: 
IF-MIB::ifAlias.436228096 = STRING: 
IF-MIB::ifAlias.436232192 = STRING: 
IF-MIB::ifAlias.436236288 = STRING: 
IF-MIB::ifAlias.436240384 = STRING: 
IF-MIB::ifAlias.436244480 = STRING: 
IF-MIB::ifAlias.436248576 = STRING: 
IF-MIB::ifAlias.436252672 = STRING: 
IF-MIB::ifAlias.436256768 = STRING: 
IF-MIB::ifAlias.436260864 = STRING: 
IF-MIB::ifAlias.436264960 = STRING: 
IF-MIB::ifAlias.436269056 = STRING: 
IF-MIB::ifAlias.436273152 = STRING: 
IF-MIB::ifAlias.436277248 = STRING: 
IF-MIB::ifAlias.436281344 = STRING: 
IF-MIB::ifAlias.436285440 = STRING: 
IF-MIB::ifAlias.436289536 = STRING: 
IF-MIB::ifAlias.436293632 = STRING: 
IF-MIB::ifAlias.436297728 = STRING: 
IF-MIB::ifAlias.436301824 = STRING: 
IF-MIB::ifAlias.436305920 = STRING: 
IF-MIB::ifAlias.436310016 = STRING: 
IF-MIB::ifAlias.436314112 = STRING: 
IF-MIB::ifAlias.436318208 = STRING: 
IF-MIB::ifAlias.436322304 = STRING: 
IF-MIB::ifAlias.436326400 = STRING: 
IF-MIB::ifAlias.436330496 = STRING: 
IF-MIB::ifAlias.436334592 = STRING: 
IF-MIB::ifAlias.436338688 = STRING: 
IF-MIB::ifAlias.436342784 = STRING: 
IF-MIB::ifAlias.436346880 = STRING: 
IF-MIB::ifAlias.436350976 = STRING: 
IF-MIB::ifAlias.436355072 = STRING: 
IF-MIB::ifAlias.436359168 = STRING: 
IF-MIB::ifAlias.436363264 = STRING: 
IF-MIB::ifAlias.436367360 = STRING: 
IF-MIB::ifAlias.436371456 = STRING: 
IF-MIB::ifAlias.436375552 = STRING: 
IF-MIB::ifAlias.436379648 = STRING: 
IF-MIB::ifAlias.436383744 = STRING: 
IF-MIB::ifAlias.436387840 = STRING: 
IF-MIB::ifAlias.436391936 = STRING: 
IF-MIB::ifAlias.436396032 = STRING: 
IF-MIB::ifAlias.436400128 = STRING: 
IF-MIB::ifAlias.436404224 = STRING: 
IF-MIB::ifAlias.436408320 = STRING: 
IF-MIB::ifAlias.436412416 = STRING: 
IF-MIB::ifAlias.436416512 = STRING: 
IF-MIB::ifAlias.436420608 = STRING: 
IF-MIB::ifAlias.436424704 = STRING: 
IF-MIB::ifCounterDiscontinuityTime.83886080 = Timeticks: (0) 0:00:00.00
IF-MIB::ifCounterDiscontinuityTime.151060481 = Timeticks: (0) 0:00:00.00
IF-MIB::ifCounterDiscontinuityTime.151060490 = Timeticks: (0) 0:00:00.00
IF-MIB::ifCounterDiscontinuityTime.151060497 = Timeticks: (0) 0:00:00.00
IF-MIB::ifCounterDiscontinuityTime.151060590 = Timeticks: (0) 0:00:00.00
IF-MIB::ifCounterDiscontinuityTime.151061080 = Timeticks: (0) 0:00:00.00
IF-MIB::ifCounterDiscontinuityTime.436207616 = Timeticks: (0) 0:00:00.00
IF-MIB::ifCounterDiscontinuityTime.436211712 = Timeticks: (0) 0:00:00.00
IF-MIB::ifCounterDiscontinuityTime.436215808 = Timeticks: (0) 0:00:00.00
IF-MIB::ifCounterDiscontinuityTime.436219904 = Timeticks: (0) 0:00:00.00
IF-MIB::ifCounterDiscontinuityTime.436224000 = Timeticks: (0) 0:00:00.00
IF-MIB::ifCounterDiscontinuityTime.436228096 = Timeticks: (0) 0:00:00.00
IF-MIB::ifCounterDiscontinuityTime.436232192 = Timeticks: (0) 0:00:00.00
IF-MIB::ifCounterDiscontinuityTime.436236288 = Timeticks: (0) 0:00:00.00
IF-MIB::ifCounterDiscontinuityTime.436240384 = Timeticks: (0) 0:00:00.00
IF-MIB::ifCounterDiscontinuityTime.436244480 = Timeticks: (0) 0:00:00.00
IF-MIB::ifCounterDiscontinuityTime.436248576 = Timeticks: (0) 0:00:00.00
IF-MIB::ifCounterDiscontinuityTime.436252672 = Timeticks: (0) 0:00:00.00
IF-MIB::ifCounterDiscontinuityTime.436256768 = Timeticks: (0) 0:00:00.00
IF-MIB::ifCounterDiscontinuityTime.436260864 = Timeticks: (0) 0:00:00.00
IF-MIB::ifCounterDiscontinuityTime.436264960 = Timeticks: (0) 0:00:00.00
IF-MIB::ifCounterDiscontinuityTime.436269056 = Timeticks: (0) 0:00:00.00
IF-MIB::ifCounterDiscontinuityTime.436273152 = Timeticks: (0) 0:00:00.00
IF-MIB::ifCounterDiscontinuityTime.436277248 = Timeticks: (0) 0:00:00.00
IF-MIB::ifCounterDiscontinuityTime.436281344 = Timeticks: (0) 0:00:00.00
IF-MIB::ifCounterDiscontinuityTime.436285440 = Timeticks: (0) 0:00:00.00
IF-MIB::ifCounterDiscontinuityTime.436289536 = Timeticks: (0) 0:00:00.00
IF-MIB::ifCounterDiscontinuityTime.436293632 = Timeticks: (0) 0:00:00.00
IF-MIB::ifCounterDiscontinuityTime.436297728 = Timeticks: (0) 0:00:00.00
IF-MIB::ifCounterDiscontinuityTime.436301824 = Timeticks: (0) 0:00:00.00
IF-MIB::ifCounterDiscontinuityTime.436305920 = Timeticks: (0) 0:00:00.00
IF-MIB::ifCounterDiscontinuityTime.436310016 = Timeticks: (0) 0:00:00.00
IF-MIB::ifCounterDiscontinuityTime.436314112 = Timeticks: (0) 0:00:00.00
IF-MIB::ifCounterDiscontinuityTime.436318208 = Timeticks: (0) 0:00:00.00
IF-MIB::ifCounterDiscontinuityTime.436322304 = Timeticks: (0) 0:00:00.00
IF-MIB::ifCounterDiscontinuityTime.436326400 = Timeticks: (0) 0:00:00.00
IF-MIB::ifCounterDiscontinuityTime.436330496 = Timeticks: (0) 0:00:00.00
IF-MIB::ifCounterDiscontinuityTime.436334592 = Timeticks: (0) 0:00:00.00
IF-MIB::ifCounterDiscontinuityTime.436338688 = Timeticks: (0) 0:00:00.00
IF-MIB::ifCounterDiscontinuityTime.436342784 = Timeticks: (0) 0:00:00.00
IF-MIB::ifCounterDiscontinuityTime.436346880 = Timeticks: (0) 0:00:00.00
IF-MIB::ifCounterDiscontinuityTime.436350976 = Timeticks: (0) 0:00:00.00
IF-MIB::ifCounterDiscontinuityTime.436355072 = Timeticks: (0) 0:00:00.00
IF-MIB::ifCounterDiscontinuityTime.436359168 = Timeticks: (0) 0:00:00.00
IF-MIB::ifCounterDiscontinuityTime.436363264 = Timeticks: (0) 0:00:00.00
IF-MIB::ifCounterDiscontinuityTime.436367360 = Timeticks: (0) 0:00:00.00
IF-MIB::ifCounterDiscontinuityTime.436371456 = Timeticks: (0) 0:00:00.00
IF-MIB::ifCounterDiscontinuityTime.436375552 = Timeticks: (0) 0:00:00.00
IF-MIB::ifCounterDiscontinuityTime.436379648 = Timeticks: (0) 0:00:00.00
IF-MIB::ifCounterDiscontinuityTime.436383744 = Timeticks: (0) 0:00:00.00
IF-MIB::ifCounterDiscontinuityTime.436387840 = Timeticks: (0) 0:00:00.00
IF-MIB::ifCounterDiscontinuityTime.436391936 = Timeticks: (0) 0:00:00.00
IF-MIB::ifCounterDiscontinuityTime.436396032 = Timeticks: (0) 0:00:00.00
IF-MIB::ifCounterDiscontinuityTime.436400128 = Timeticks: (0) 0:00:00.00
IF-MIB::ifCounterDiscontinuityTime.436404224 = Timeticks: (0) 0:00:00.00
IF-MIB::ifCounterDiscontinuityTime.436408320 = Timeticks: (0) 0:00:00.00
IF-MIB::ifCounterDiscontinuityTime.436412416 = Timeticks: (0) 0:00:00.00
IF-MIB::ifCounterDiscontinuityTime.436416512 = Timeticks: (0) 0:00:00.00
IF-MIB::ifCounterDiscontinuityTime.436420608 = Timeticks: (0) 0:00:00.00
IF-MIB::ifCounterDiscontinuityTime.436424704 = Timeticks: (0) 0:00:00.00
IF-MIB::ifTableLastChange.0 = Timeticks: (12274) 0:02:02.74
IF-MIB::ifStackLastChange.0 = Timeticks: (0) 0:00:00.00
